<?xml version="1.0" encoding="UTF-8"?>
<!-- Generated by org.testng.reporters.JUnitReportReporter -->
<testsuite hostname="DESKTOP-G85GMTV" failures="0" tests="4" name="AutomationFramework.FistTestcase" time="0.045" errors="0" timestamp="2025-03-03T10:08:22 IST" skipped="0">
  <testcase classname="AutomationFramework.FistTestcase" name="Print_Hello" time="0.031"/>
  <system-out/>
  <testcase classname="AutomationFramework.FistTestcase" name="Print_Index" time="0.003"/>
  <system-out/>
  <testcase classname="AutomationFramework.FistTestcase" name="Print_Login" time="0.006"/>
  <system-out/>
  <testcase classname="AutomationFramework.FistTestcase" name="Print_Loginfacebook" time="0.005"/>
  <system-out/>
</testsuite> <!-- AutomationFramework.FistTestcase -->
