<?xml version="1.0" encoding="UTF-8"?>
<!-- Generated by org.testng.reporters.JUnitReportReporter -->
<testsuite hostname="DESKTOP-G85GMTV" failures="0" tests="4" name="AutomationFramework.Login" time="0.059" errors="0" timestamp="2025-03-17T12:27:16 IST" skipped="0">
  <testcase classname="AutomationFramework.Login" name="Login_function" time="0.044"/>
  <system-out/>
  <testcase classname="AutomationFramework.Login" name="register_page" time="0.006"/>
  <system-out/>
  <testcase classname="AutomationFramework.Login" name="forgot_password" time="0.005"/>
  <system-out/>
  <testcase classname="AutomationFramework.Login" name="Index" time="0.004"/>
  <system-out/>
</testsuite> <!-- AutomationFramework.Login -->
