<?xml version="1.0" encoding="UTF-8"?>
<!-- Generated by org.testng.reporters.JUnitReportReporter -->
<testsuite hostname="DESKTOP-G85GMTV" failures="0" tests="2" name="AutomationFramework.Annotation" time="0.037" errors="0" timestamp="2025-03-05T18:02:32 IST" skipped="0">
  <testcase classname="AutomationFramework.Annotation" name="Userlogin" time="0.016"/>
  <system-out/>
  <testcase classname="AutomationFramework.Annotation" name="UserMoneyControl" time="0.021"/>
  <system-out/>
</testsuite> <!-- AutomationFramework.Annotation -->
