<?xml version="1.0" encoding="UTF-8"?>
<!-- Generated by org.testng.reporters.JUnitReportReporter -->
<testsuite hostname="DESKTOP-G85GMTV" failures="0" tests="1" name="AutomationFramework.FirstTestcase" time="0.030" errors="0" timestamp="2025-03-05T09:35:02 IST" skipped="0">
  <testcase classname="AutomationFramework.FirstTestcase" name="Print_Hello" time="0.030"/>
  <system-out/>
</testsuite> <!-- AutomationFramework.FirstTestcase -->
