<?xml version="1.0" encoding="UTF-8"?>
<!-- Generated by org.testng.reporters.JUnitReportReporter -->
<testsuite hostname="DESKTOP-G85GMTV" failures="0" tests="1" name="testcases.AutomationTest" time="5.573" errors="0" timestamp="2025-03-27T09:32:39 IST" skipped="0">
  <testcase classname="testcases.AutomationTest" name="openWebsiteAndValidateTitle" time="5.573"/>
  <system-out/>
</testsuite> <!-- testcases.AutomationTest -->
