<?xml version="1.0" encoding="UTF-8"?>
<!-- Generated by org.testng.reporters.JUnitReportReporter -->
<testsuite hostname="DESKTOP-G85GMTV" failures="0" tests="2" name="tests.RediffmailLoginTest" time="10.529" errors="0" timestamp="2025-04-04T12:40:00 IST" skipped="0">
  <testcase classname="tests.RediffmailLoginTest" name="loginTest" time="2.439"/>
  <system-out/>
  <testcase classname="tests.RediffmailLoginTest" name="loginTest" time="8.090"/>
  <system-out/>
</testsuite> <!-- tests.RediffmailLoginTest -->
