<?xml version="1.0" encoding="UTF-8"?>
<!-- Generated by org.testng.reporters.JUnitReportReporter -->
<testsuite hostname="DESKTOP-G85GMTV" failures="0" tests="1" name="tests.FacebookLoginTest" time="0.000" errors="0" timestamp="2025-04-02T15:34:33 IST" skipped="1">
  <testcase classname="tests.FacebookLoginTest" name="loginTest" time="0.000">
    <skipped/>
  </testcase> <!-- loginTest -->
  <system-out/>
</testsuite> <!-- tests.FacebookLoginTest -->
