<?xml version="1.0" encoding="UTF-8"?>
<!-- Generated by org.testng.reporters.JUnitReportReporter -->
<testsuite hostname="DESKTOP-G85GMTV" failures="0" tests="1" name="com.automation.tests.ExcelReadTest" time="8.653" errors="0" timestamp="2025-04-30T12:00:56 IST" skipped="0">
  <testcase classname="com.automation.tests.ExcelReadTest" name="readExcelFile" time="8.653"/>
  <system-out/>
</testsuite> <!-- com.automation.tests.ExcelReadTest -->
