<?xml version="1.0" encoding="UTF-8"?>
<!-- Generated by org.testng.reporters.JUnitReportReporter -->
<testsuite hostname="DESKTOP-G85GMTV" failures="0" tests="1" name="tests.AutomationTest" time="51.173" errors="0" timestamp="2025-03-27T15:58:07 IST" skipped="0">
  <testcase classname="tests.AutomationTest" name="automationExerciseTest" time="51.173"/>
  <system-out/>
</testsuite> <!-- tests.AutomationTest -->
